<?xml version="1.0" encoding="UTF-8"?>
<testsuite xmlns:xsi="http://www.w3.org/2001/XMLSchema-instance" xsi:noNamespaceSchemaLocation="https://maven.apache.org/surefire/maven-surefire-plugin/xsd/surefire-test-report-3.0.xsd" version="3.0" name="com.crm.test.BankDetailsServiceTest" time="6.157" tests="6" errors="0" skipped="0" failures="0">
  <properties>
[...]
</properties>
  <testcase name="testGetBankException" classname="com.crm.test.BankDetailsServiceTest" time="5.795">
    <system-out><![CDATA[DEBUG StatusConsoleListener null null initializing configuration XmlConfiguration[location=C:\PAFI\crm_api_vpay_14_12\target\classes\log4j2.xml]
DEBUG StatusConsoleListener PluginManager 'Core' found 132 plugins
DEBUG StatusConsoleListener PluginManager 'Level' found 0 plugins
DEBUG StatusConsoleListener Building Plugin[name=property, class=org.apache.logging.log4j.core.config.Property].
DEBUG StatusConsoleListener PluginManager 'TypeConverter' found 26 plugins
DEBUG StatusConsoleListener createProperty(name="LOG_PATTERN", value="%d{yyyy-MM-dd HH:mm:ss:SSS} - (%F:%L) - %p - %m%n", Configuration(C:\PAFI\crm_api_vpay_14_12\target\classes\log4j2.xml))
DEBUG StatusConsoleListener Building Plugin[name=property, class=org.apache.logging.log4j.core.config.Property].
DEBUG StatusConsoleListener createProperty(name="APP_LOG_ROOT", value="/home/AppLogs/PG", Configuration(C:\PAFI\crm_api_vpay_14_12\target\classes\log4j2.xml))
DEBUG StatusConsoleListener Building Plugin[name=properties, class=org.apache.logging.log4j.core.config.PropertiesPlugin].
DEBUG StatusConsoleListener configureSubstitutor(={LOG_PATTERN=%d{yyyy-MM-dd HH:mm:ss:SSS} - (%F:%L) - %p - %m%n, APP_LOG_ROOT=/home/AppLogs/PG}, Configuration(C:\PAFI\crm_api_vpay_14_12\target\classes\log4j2.xml))
DEBUG StatusConsoleListener PluginManager 'Lookup' found 17 plugins
DEBUG StatusConsoleListener Building Plugin[name=layout, class=org.apache.logging.log4j.core.layout.PatternLayout].
DEBUG StatusConsoleListener PatternLayout$Builder(pattern="%d{yyyy-MM-dd HH:mm:ss:SSS} - (%F:%L) - %p - %m%n", PatternSelector=null, Configuration(C:\PAFI\crm_api_vpay_14_12\target\classes\log4j2.xml), Replace=null, charset="null", alwaysWriteExceptions="null", disableAnsi="null", noConsoleNoAnsi="null", header="null", footer="null")
DEBUG StatusConsoleListener PluginManager 'Converter' found 49 plugins
DEBUG StatusConsoleListener Building Plugin[name=appender, class=org.apache.logging.log4j.core.appender.ConsoleAppender].
DEBUG StatusConsoleListener ConsoleAppender$Builder(target="SYSTEM_OUT", follow="true", direct="null", bufferedIo="null", bufferSize="null", immediateFlush="null", ignoreExceptions="null", PatternLayout(%d{yyyy-MM-dd HH:mm:ss:SSS} - (%F:%L) - %p - %m%n), name="Console", Configuration(C:\PAFI\crm_api_vpay_14_12\target\classes\log4j2.xml), Filter=null, ={})
DEBUG StatusConsoleListener Starting OutputStreamManager SYSTEM_OUT.true.false
DEBUG StatusConsoleListener Building Plugin[name=layout, class=org.apache.logging.log4j.core.layout.PatternLayout].
DEBUG StatusConsoleListener PatternLayout$Builder(pattern="%d{yyyy-MM-dd HH:mm:ss:SSS} - (%F:%L) - %p - %m%n", PatternSelector=null, Configuration(C:\PAFI\crm_api_vpay_14_12\target\classes\log4j2.xml), Replace=null, charset="null", alwaysWriteExceptions="null", disableAnsi="null", noConsoleNoAnsi="null", header="null", footer="null")
DEBUG StatusConsoleListener Building Plugin[name=SizeBasedTriggeringPolicy, class=org.apache.logging.log4j.core.appender.rolling.SizeBasedTriggeringPolicy].
DEBUG StatusConsoleListener createPolicy(size="10MB")
DEBUG StatusConsoleListener Building Plugin[name=Policies, class=org.apache.logging.log4j.core.appender.rolling.CompositeTriggeringPolicy].
DEBUG StatusConsoleListener createPolicy(={SizeBasedTriggeringPolicy(size=10485760)})
DEBUG StatusConsoleListener Building Plugin[name=DefaultRolloverStrategy, class=org.apache.logging.log4j.core.appender.rolling.DefaultRolloverStrategy].
DEBUG StatusConsoleListener DefaultRolloverStrategy$Builder(max="10", min="null", fileIndex="null", compressionLevel="null", ={}, stopCustomActionsOnError="null", tempCompressedFilePattern="null", Configuration(C:\PAFI\crm_api_vpay_14_12\target\classes\log4j2.xml))
DEBUG StatusConsoleListener Building Plugin[name=appender, class=org.apache.logging.log4j.core.appender.RollingFileAppender].
DEBUG StatusConsoleListener RollingFileAppender$Builder(fileName="/home/AppLogs/PG/PACRMSystem.log", filePattern="/home/AppLogs/PG/Archive/PACRMSystem-%d{yyyy-MM-dd}-%i.log.gz", append="null", locking="null", Policies(CompositeTriggeringPolicy(policies=[SizeBasedTriggeringPolicy(size=10485760)])), DefaultRolloverStrategy(DefaultRolloverStrategy(min=1, max=10, useMax=true)), advertise="null", advertiseUri="null", createOnDemand="null", filePermissions="null", fileOwner="null", fileGroup="null", bufferedIo="null", bufferSize="null", immediateFlush="null", ignoreExceptions="null", PatternLayout(%d{yyyy-MM-dd HH:mm:ss:SSS} - (%F:%L) - %p - %m%n), name="appLog", Configuration(C:\PAFI\crm_api_vpay_14_12\target\classes\log4j2.xml), Filter=null, ={})
DEBUG StatusConsoleListener Returning file creation time for C:\home\AppLogs\PG\PACRMSystem.log
DEBUG StatusConsoleListener Starting RollingFileManager /home/AppLogs/PG/PACRMSystem.log
DEBUG StatusConsoleListener PluginManager 'FileConverter' found 2 plugins
DEBUG StatusConsoleListener Setting prev file time to 2024-11-05T18:33:21.785+0530
DEBUG StatusConsoleListener Initializing triggering policy CompositeTriggeringPolicy(policies=[SizeBasedTriggeringPolicy(size=10485760)])
DEBUG StatusConsoleListener Initializing triggering policy SizeBasedTriggeringPolicy(size=10485760)
DEBUG StatusConsoleListener Building Plugin[name=appenders, class=org.apache.logging.log4j.core.config.AppendersPlugin].
DEBUG StatusConsoleListener createAppenders(={Console, appLog})
DEBUG StatusConsoleListener Building Plugin[name=AppenderRef, class=org.apache.logging.log4j.core.config.AppenderRef].
DEBUG StatusConsoleListener createAppenderRef(ref="appLog", level="null", Filter=null)
DEBUG StatusConsoleListener Building Plugin[name=AppenderRef, class=org.apache.logging.log4j.core.config.AppenderRef].
DEBUG StatusConsoleListener createAppenderRef(ref="Console", level="null", Filter=null)
DEBUG StatusConsoleListener Building Plugin[name=root, class=org.apache.logging.log4j.core.config.LoggerConfig$RootLogger].
DEBUG StatusConsoleListener LoggerConfig$RootLogger$Builder(additivity="null", level="INFO", levelAndRefs="null", includeLocation="null", ={appLog, Console}, ={}, Configuration(C:\PAFI\crm_api_vpay_14_12\target\classes\log4j2.xml), Filter=null)
DEBUG StatusConsoleListener Building Plugin[name=loggers, class=org.apache.logging.log4j.core.config.LoggersPlugin].
DEBUG StatusConsoleListener createLoggers(={root})
DEBUG StatusConsoleListener Configuration XmlConfiguration[location=C:\PAFI\crm_api_vpay_14_12\target\classes\log4j2.xml] initialized
DEBUG StatusConsoleListener Starting configuration XmlConfiguration[location=C:\PAFI\crm_api_vpay_14_12\target\classes\log4j2.xml]
DEBUG StatusConsoleListener Log4j2 ConfigurationScheduler starting 1 threads
DEBUG StatusConsoleListener Started configuration XmlConfiguration[location=C:\PAFI\crm_api_vpay_14_12\target\classes\log4j2.xml] OK.
DEBUG StatusConsoleListener Shutting down OutputStreamManager SYSTEM_OUT.false.false-1
DEBUG StatusConsoleListener OutputStream closed
DEBUG StatusConsoleListener Shut down OutputStreamManager SYSTEM_OUT.false.false-1, all resources released: true
DEBUG StatusConsoleListener Appender DefaultConsole-1 stopped with status true
DEBUG StatusConsoleListener Stopped org.apache.logging.log4j.core.config.DefaultConfiguration@672a1c62 OK
DEBUG StatusConsoleListener Registering MBean org.apache.logging.log4j2:type=6d5380c2
DEBUG StatusConsoleListener Registering MBean org.apache.logging.log4j2:type=6d5380c2,component=StatusLogger
DEBUG StatusConsoleListener Registering MBean org.apache.logging.log4j2:type=6d5380c2,component=ContextSelector
DEBUG StatusConsoleListener Registering MBean org.apache.logging.log4j2:type=6d5380c2,component=Loggers,name=
DEBUG StatusConsoleListener Registering MBean org.apache.logging.log4j2:type=6d5380c2,component=Appenders,name=Console
DEBUG StatusConsoleListener Registering MBean org.apache.logging.log4j2:type=6d5380c2,component=Appenders,name=appLog
DEBUG StatusConsoleListener org.apache.logging.log4j.core.util.SystemClock supports precise timestamps.
DEBUG StatusConsoleListener Reconfiguration complete for context[name=6d5380c2] at URI C:\PAFI\crm_api_vpay_14_12\target\classes\log4j2.xml (org.apache.logging.log4j.core.LoggerContext@2e1b374c) with optional ClassLoader: null
DEBUG StatusConsoleListener Shutdown hook enabled. Registering a new one.
DEBUG StatusConsoleListener LoggerContext[name=6d5380c2, org.apache.logging.log4j.core.LoggerContext@2e1b374c] started OK.
ParmVlaues::::::::::::::: []inside the create invoice in db::::::::::::::: []]]></system-out>
  </testcase>
  <testcase name="testCreateBankUpdateSuccess" classname="com.crm.test.BankDetailsServiceTest" time="0.077">
    <system-out><![CDATA[2024-12-21 18:57:44:324 - (BankDetailsService.java:39) - INFO - BankRepo::::::1
DEBUG StatusConsoleListener AsyncLogger.ThreadNameStrategy=UNCACHED (user specified null, default is UNCACHED)
DEBUG StatusConsoleListener org.apache.logging.log4j.core.util.SystemClock supports precise timestamps.
]]></system-out>
  </testcase>
  <testcase name="testCreateBankInsertSuccess" classname="com.crm.test.BankDetailsServiceTest" time="0.04">
    <system-out><![CDATA[2024-12-21 18:57:44:391 - (BankDetailsService.java:39) - INFO - BankRepo::::::0
]]></system-out>
  </testcase>
  <testcase name="testDeleteBankSuccess" classname="com.crm.test.BankDetailsServiceTest" time="0.031">
    <system-out><![CDATA[2024-12-21 18:57:44:429 - (BankDetailsService.java:106) - INFO - BankRepo::::::1
]]></system-out>
  </testcase>
  <testcase name="testGetBankSuccess" classname="com.crm.test.BankDetailsServiceTest" time="0.012">
    <system-out><![CDATA[ParmVlaues::::::::::::::: []inside the create invoice in db::::::::::::::: []resultData::::::::::::::: {#result-set-1=[{BankName=Test Bank, Id=123, BankId=B123}]}arrayList::::::[{BankName=Test Bank, Id=123, BankId=B123}]
rs::::::[{"BankName":"Test Bank","BankId":"B123","Id":"123"}]
result::::::::[{"BankName":"Test Bank","BankId":"B123","Id":"123"}]
]]></system-out>
  </testcase>
  <testcase name="testDeleteBankFailure" classname="com.crm.test.BankDetailsServiceTest" time="0.023">
    <system-out><![CDATA[2024-12-21 18:57:44:522 - (BankDetailsService.java:106) - INFO - BankRepo::::::0
]]></system-out>
  </testcase>
</testsuite>